#
# A fatal error has been detected by the Java Runtime Environment:
#
#  EXCEPTION_ACCESS_VIOLATION (0xc0000005) at pc=0x000000006ee76520, pid=33476, tid=26216
#
# JRE version: Java(TM) SE Runtime Environment (22.0.2+9) (build 22.0.2+9-70)
# Java VM: Java HotSpot(TM) 64-Bit Server VM (22.0.2+9-70, mixed mode, sharing, tiered, compressed oops, compressed class ptrs, g1 gc, windows-amd64)
# Problematic frame:
# C  [xuggle10197151604019768081.dll+0x736520]
#
# No core dump will be written. Minidumps are not enabled by default on client versions of Windows
#
# If you would like to submit a bug report, please visit:
#   https://bugreport.java.com/bugreport/crash.jsp
# The crash happened outside the Java Virtual Machine in native code.
# See problematic frame for where to report the bug.
#

---------------  S U M M A R Y ------------

Command Line: com.mycompany.proyecto.PROYECTO

Host: 11th Gen Intel(R) Core(TM) i7-11370H @ 3.30GHz, 8 cores, 15G,  Windows 11 , 64 bit Build 22621 (10.0.22621.4391)
Time: Sat Nov  2 07:18:27 2024 Hora estándar, América Central elapsed time: 14.994595 seconds (0d 0h 0m 14s)

---------------  T H R E A D  ---------------

Current thread (0x000002605f5edfc0):  JavaThread "Thread-0"         [_thread_in_native, id=26216, stack(0x000000b782f00000,0x000000b783000000) (1024K)]

Stack: [0x000000b782f00000,0x000000b783000000],  sp=0x000000b782ffe0e0,  free space=1016k
Native frames: (J=compiled Java code, j=interpreted, Vv=VM code, C=native code)
C  [xuggle10197151604019768081.dll+0x736520]  (no source info available)

Java frames: (J=compiled Java code, j=interpreted, Vv=VM code)
j  com.xuggle.xuggler.XugglerJNI.IContainer_open__SWIG_0(JLcom/xuggle/xuggler/IContainer;Ljava/lang/String;IJLcom/xuggle/xuggler/IContainerFormat;)I+0
j  com.xuggle.xuggler.IContainer.open(Ljava/lang/String;Lcom/xuggle/xuggler/IContainer$Type;Lcom/xuggle/xuggler/IContainerFormat;)I+15
j  com.mycompany.proyecto.Videos.obtenerInformacionVideo(Ljava/io/File;)Lcom/mycompany/proyecto/Video;+57
j  com.mycompany.proyecto.Videos.buscarVideosEnDirectorio(Ljava/io/File;)Ljava/util/ArrayList;+85
j  com.mycompany.proyecto.Videos.lambda$cargarVideos$3()V+30
j  com.mycompany.proyecto.Videos$$Lambda+0x00000260190c77d0.run()V+4
j  java.lang.Thread.runWith(Ljava/lang/Object;Ljava/lang/Runnable;)V+5 java.base@22.0.2
j  java.lang.Thread.run()V+19 java.base@22.0.2
v  ~StubRoutines::call_stub 0x000002600f7c100d

siginfo: EXCEPTION_ACCESS_VIOLATION (0xc0000005), reading address 0xffffffffffffffff


Registers:
RAX=0x0000026017caf070, RBX=0x000002606284f5d0, RCX=0x0000026017caf070, RDX=0x0000000000000009
RSP=0x000000b782ffe0e0, RBP=0x0000026017cae7b0, RSI=0x0000026017cb0070, RDI=0x0000000000000004
R8 =0x000000006ee77580, R9 =0x000000006ee76490, R10=0x0000026017be2a40, R11=0x00000260628beef0
R12=0x00000260628bf6f0, R13=0x0000000000000004, R14=0x0000000000000184, R15=0x000000006fab8f20
RIP=0x000000006ee76520, EFLAGS=0x0000000000010202


Register to memory mapping:

RAX=0x0000026017caf070 points into unknown readable memory: 0x417fffffbbc90fda | da 0f c9 bb ff ff 7f 41
RBX=0x000002606284f5d0 points into unknown readable memory: 0x000000000000002b | 2b 00 00 00 00 00 00 00
RCX=0x0000026017caf070 points into unknown readable memory: 0x417fffffbbc90fda | da 0f c9 bb ff ff 7f 41
RDX=0x0000000000000009 is an unknown value
RSP=0x000000b782ffe0e0 is pointing into the stack for thread: 0x000002605f5edfc0
RBP=0x0000026017cae7b0 points into unknown readable memory: 0x0000026017be1b50 | 50 1b be 17 60 02 00 00
RSI=0x0000026017cb0070 points into unknown readable memory: 0x0000000100000009 | 09 00 00 00 01 00 00 00
RDI=0x0000000000000004 is an unknown value
R8 =0x000000006ee77580 xuggle10197151604019768081.dll
R9 =0x000000006ee76490 xuggle10197151604019768081.dll
R10=0x0000026017be2a40 points into unknown readable memory: 0x016400c401840004 | 04 00 84 01 c4 00 64 01
R11=0x00000260628beef0 points into unknown readable memory: 0xbcb464bbbcb4f32d | 2d f3 b4 bc bb 64 b4 bc
R12=0x00000260628bf6f0 points into unknown readable memory: 0xbcb5a49ebcb516b8 | b8 16 b5 bc 9e a4 b5 bc
R13=0x0000000000000004 is an unknown value
R14=0x0000000000000184 is an unknown value
R15=0x000000006fab8f20 xuggle10197151604019768081.dll

Top of Stack: (sp=0x000000b782ffe0e0)
0x000000b782ffe0e0:   000000006ee76665 000000006ee774c5
0x000000b782ffe0f0:   000000006ee77505 000000006ee77545
0x000000b782ffe100:   000000006ee77585 000000006ee79426
0x000000b782ffe110:   000000006fa67a80 0000026017caf070
0x000000b782ffe120:   0000026062851a90 0000000712240430
0x000000b782ffe130:   3fe000003f800000 0000000000000000
0x000000b782ffe140:   40c7760000000000 0000000000000000
0x000000b782ffe150:   3fe0000000000000 0000000000000001
0x000000b782ffe160:   0000026062852a90 000000006ea45d24
0x000000b782ffe170:   3f40624dd2f1a9fc 0000000000000000
0x000000b782ffe180:   0000000000000000 0000000000000000
0x000000b782ffe190:   0000000000000000 0000000000000000
0x000000b782ffe1a0:   000002606285b990 000000006fab7320
0x000000b782ffe1b0:   0000000000000000 000002606284f530
0x000000b782ffe1c0:   0000000000000001 0000026017cae7b0
0x000000b782ffe1d0:   0000026017cae830 0000000000000000
0x000000b782ffe1e0:   0000000000000000 000002606284f5d0
0x000000b782ffe1f0:   0000000000000000 000000006ea4bbc8
0x000000b782ffe200:   0000026017cae7b0 000002606285b990
0x000000b782ffe210:   000000b782ffe4c0 0000026000000001
0x000000b782ffe220:   0000026000000001 000000006ea45af0
0x000000b782ffe230:   fffffffffffffff7 0000026000000026
0x000000b782ffe240:   000002606284f530 0000026000000001
0x000000b782ffe250:   0000026000000026 0000026017cae7b0
0x000000b782ffe260:   0000000700000000 000002600000002b
0x000000b782ffe270:   0000000000000001 000000006f47d0a0
0x000000b782ffe280:   000000b782ffe4c0 0000040000000021
0x000000b782ffe290:   0000000000000000 0000000712617c60
0x000000b782ffe2a0:   00000007122402a0 0000000000000000
0x000000b782ffe2b0:   0000000000000001 0000026062b7a7c0
0x000000b782ffe2c0:   0000000000000c00 0000000000000000
0x000000b782ffe2d0:   0000000000000be0 00000000000000c0 

Instructions: (pc=0x000000006ee76520)
0x000000006ee76420:   48 89 c8 8b 79 18 89 fe c1 fe 02 48 63 d6 8d 34
0x000000006ee76430:   76 48 8d 5c 95 00 48 63 f6 48 89 da ff 50 48 89
0x000000006ee76440:   f8 83 ef 10 48 8d 54 b5 00 f7 d8 48 63 ff 48 98
0x000000006ee76450:   0f 28 3d f9 d0 65 00 0f 28 04 3b 0f 28 0c 02 0f
0x000000006ee76460:   c6 c0 1b 0f c6 c9 1b 0f 57 c7 0f 29 0c 3a 0f 29
0x000000006ee76470:   04 03 48 83 ef 10 48 83 c0 10 7c db 0f 28 7c 24
0x000000006ee76480:   20 48 83 c4 38 5b 5e 5f 5d c3 90 90 90 90 90 90
0x000000006ee76490:   c5 fc 28 01 c5 fc 28 49 20 c5 fc 5c e1 c5 fc 58
0x000000006ee764a0:   d1 c5 dc 59 0d 17 42 84 00 c4 e2 75 0c 0d ce 41
0x000000006ee764b0:   84 00 c4 e3 75 0c c2 33 c5 ec c6 e1 4e c5 dc 5c
0x000000006ee764c0:   d8 c5 dc 58 c0 c4 e2 7d 0c 05 d2 41 84 00 c5 e4
0x000000006ee764d0:   c6 e0 bb c5 e4 c6 d0 ee c4 e3 6d 06 d4 13 c5 e4
0x000000006ee764e0:   57 1d fa 41 84 00 c5 fc c6 cb dd c5 fc c6 c3 88
0x000000006ee764f0:   c4 e3 75 06 d8 02 c4 e3 7d 06 c1 13 c5 fc 5c e2
0x000000006ee76500:   c4 e3 5d 0c c0 55 c5 e4 5c c8 c5 e4 58 c0 c5 fc
0x000000006ee76510:   29 01 c5 fc 29 49 20 c3 0f 1f 84 00 00 00 00 00
0x000000006ee76520:   c5 fc 28 51 40 c5 fc 28 59 60 c5 ec 5c fb c5 ec
0x000000006ee76530:   58 d3 c5 c4 57 3d 26 41 84 00 c5 ec c6 df be c5
0x000000006ee76540:   ec c6 d7 44 c5 ec 5c fb c5 ec 58 d3 c5 ec c6 df
0x000000006ee76550:   dd c5 ec c6 d7 88 c5 fc 28 01 c5 fc 28 49 20 c5
0x000000006ee76560:   fc 5c f9 c5 fc 58 e1 c5 c4 59 0d 51 41 84 00 c4
0x000000006ee76570:   e2 75 0c 0d 08 41 84 00 c4 e3 75 0c c4 33 c5 dc
0x000000006ee76580:   c6 f9 4e c5 c4 5c e8 c5 c4 58 c0 c4 e2 7d 0c 05
0x000000006ee76590:   0c 41 84 00 c5 d4 c6 f8 bb c5 d4 c6 e0 ee c4 e3
0x000000006ee765a0:   5d 06 e7 13 c5 d4 57 2d 34 41 84 00 c5 fc c6 cd
0x000000006ee765b0:   dd c5 fc c6 c5 88 c4 e3 75 06 e8 02 c4 e3 7d 06
0x000000006ee765c0:   c1 13 c5 fc 5c fc c4 e3 45 0c c0 55 c5 d4 5c c8
0x000000006ee765d0:   c5 d4 58 c0 c5 fc 28 25 04 40 84 00 c5 fc 28 2d
0x000000006ee765e0:   1c 40 84 00 c5 ec 59 f4 c5 e4 59 fd c5 c4 58 fe
0x000000006ee765f0:   c5 ec 59 d5 c5 e4 59 dc c5 e4 5c da c4 e3 45 0c
0x000000006ee76600:   d3 f0 c4 e3 45 06 db 21 c5 ec 58 e3 c5 e4 5c d2
0x000000006ee76610:   c4 e3 6d 06 d2 01 c5 f4 5c da c5 f4 58 ca c5 fc 


Stack slot to memory mapping:

stack at sp + 0 slots: 0x000000006ee76665 xuggle10197151604019768081.dll
stack at sp + 1 slots: 0x000000006ee774c5 xuggle10197151604019768081.dll
stack at sp + 2 slots: 0x000000006ee77505 xuggle10197151604019768081.dll
stack at sp + 3 slots: 0x000000006ee77545 xuggle10197151604019768081.dll
stack at sp + 4 slots: 0x000000006ee77585 xuggle10197151604019768081.dll
stack at sp + 5 slots: 0x000000006ee79426 xuggle10197151604019768081.dll
stack at sp + 6 slots: 0x000000006fa67a80 xuggle10197151604019768081.dll
stack at sp + 7 slots: 0x0000026017caf070 points into unknown readable memory: 0x417fffffbbc90fda | da 0f c9 bb ff ff 7f 41


---------------  P R O C E S S  ---------------

Threads class SMR info:
_java_thread_list=0x000002605e965120, length=19, elements={
0x00000260174898e0, 0x000002601748cc00, 0x00000260175d6840, 0x00000260175d7a50,
0x00000260175d8900, 0x00000260175e1590, 0x00000260175e7b80, 0x00000260175ec730,
0x000002601777ba10, 0x0000026017782f40, 0x000002601793ea80, 0x000002601795afb0,
0x000002601795e0e0, 0x000002605e8ed8b0, 0x000002607619b580, 0x000002605eee1580,
0x000002605f5ed2a0, 0x000002605f5f0090, 0x000002605f5edfc0
}

Java Threads: ( => current thread )
  0x00000260174898e0 JavaThread "Reference Handler"          daemon [_thread_blocked, id=14400, stack(0x000000b781000000,0x000000b781100000) (1024K)]
  0x000002601748cc00 JavaThread "Finalizer"                  daemon [_thread_blocked, id=19784, stack(0x000000b781100000,0x000000b781200000) (1024K)]
  0x00000260175d6840 JavaThread "Signal Dispatcher"          daemon [_thread_blocked, id=23284, stack(0x000000b781200000,0x000000b781300000) (1024K)]
  0x00000260175d7a50 JavaThread "Attach Listener"            daemon [_thread_blocked, id=18024, stack(0x000000b781300000,0x000000b781400000) (1024K)]
  0x00000260175d8900 JavaThread "Service Thread"             daemon [_thread_blocked, id=29952, stack(0x000000b781400000,0x000000b781500000) (1024K)]
  0x00000260175e1590 JavaThread "Monitor Deflation Thread"   daemon [_thread_blocked, id=31860, stack(0x000000b781500000,0x000000b781600000) (1024K)]
  0x00000260175e7b80 JavaThread "C2 CompilerThread0"         daemon [_thread_blocked, id=33932, stack(0x000000b781600000,0x000000b781700000) (1024K)]
  0x00000260175ec730 JavaThread "C1 CompilerThread0"         daemon [_thread_blocked, id=3492, stack(0x000000b781700000,0x000000b781800000) (1024K)]
  0x000002601777ba10 JavaThread "Notification Thread"        daemon [_thread_blocked, id=2356, stack(0x000000b781800000,0x000000b781900000) (1024K)]
  0x0000026017782f40 JavaThread "Common-Cleaner"             daemon [_thread_blocked, id=33752, stack(0x000000b781900000,0x000000b781a00000) (1024K)]
  0x000002601793ea80 JavaThread "Java2D Disposer"            daemon [_thread_blocked, id=3220, stack(0x000000b781c00000,0x000000b781d00000) (1024K)]
  0x000002601795afb0 JavaThread "AWT-Shutdown"                      [_thread_blocked, id=35508, stack(0x000000b781d00000,0x000000b781e00000) (1024K)]
  0x000002601795e0e0 JavaThread "AWT-Windows"                daemon [_thread_in_native, id=876, stack(0x000000b781e00000,0x000000b781f00000) (1024K)]
  0x000002605e8ed8b0 JavaThread "AWT-EventQueue-0"                  [_thread_blocked, id=17832, stack(0x000000b782100000,0x000000b782200000) (1024K)]
  0x000002607619b580 JavaThread "DestroyJavaVM"                     [_thread_blocked, id=14632, stack(0x000000b780800000,0x000000b780900000) (1024K)]
  0x000002605eee1580 JavaThread "TimerQueue"                 daemon [_thread_blocked, id=30516, stack(0x000000b781a00000,0x000000b781b00000) (1024K)]
  0x000002605f5ed2a0 JavaThread "Image Fetcher 0"            daemon [_thread_blocked, id=5524, stack(0x000000b781b00000,0x000000b781c00000) (1024K)]
  0x000002605f5f0090 JavaThread "Swing-Shell"                daemon [_thread_blocked, id=19232, stack(0x000000b781f00000,0x000000b782000000) (1024K)]
=>0x000002605f5edfc0 JavaThread "Thread-0"                          [_thread_in_native, id=26216, stack(0x000000b782f00000,0x000000b783000000) (1024K)]
Total: 19

Other Threads:
  0x000002601746f990 VMThread "VM Thread"                           [id=32196, stack(0x000000b780f00000,0x000000b781000000) (1024K)]
  0x0000026017458380 WatcherThread "VM Periodic Task Thread"        [id=30752, stack(0x000000b780e00000,0x000000b780f00000) (1024K)]
  0x000002607841a4a0 WorkerThread "GC Thread#0"                     [id=32804, stack(0x000000b780900000,0x000000b780a00000) (1024K)]
  0x000002605ea4c350 WorkerThread "GC Thread#1"                     [id=15384, stack(0x000000b782800000,0x000000b782900000) (1024K)]
  0x000002605ef34290 WorkerThread "GC Thread#2"                     [id=30128, stack(0x000000b782900000,0x000000b782a00000) (1024K)]
  0x000002605ef34640 WorkerThread "GC Thread#3"                     [id=4744, stack(0x000000b782a00000,0x000000b782b00000) (1024K)]
  0x000002605ef349f0 WorkerThread "GC Thread#4"                     [id=22200, stack(0x000000b782b00000,0x000000b782c00000) (1024K)]
  0x000002605ef34da0 WorkerThread "GC Thread#5"                     [id=34584, stack(0x000000b782c00000,0x000000b782d00000) (1024K)]
  0x000002605e540100 WorkerThread "GC Thread#6"                     [id=34904, stack(0x000000b782d00000,0x000000b782e00000) (1024K)]
  0x000002605e544570 WorkerThread "GC Thread#7"                     [id=35140, stack(0x000000b782e00000,0x000000b782f00000) (1024K)]
  0x000002607842afd0 ConcurrentGCThread "G1 Main Marker"            [id=11904, stack(0x000000b780a00000,0x000000b780b00000) (1024K)]
  0x000002607842cca0 WorkerThread "G1 Conc#0"                       [id=16140, stack(0x000000b780b00000,0x000000b780c00000) (1024K)]
  0x000002601732a0c0 ConcurrentGCThread "G1 Refine#0"               [id=34728, stack(0x000000b780c00000,0x000000b780d00000) (1024K)]
  0x000002601732aa50 ConcurrentGCThread "G1 Service"                [id=34080, stack(0x000000b780d00000,0x000000b780e00000) (1024K)]
Total: 14

Threads with active compile tasks:
Total: 0

VM state: not at safepoint (normal execution)

VM Mutex/Monitor currently owned by a thread: None

Heap address: 0x0000000704c00000, size: 4020 MB, Compressed Oops mode: Zero based, Oop shift amount: 3

CDS archive(s) mapped at: [0x0000026018000000-0x0000026018c60000-0x0000026018c60000), size 12976128, SharedBaseAddress: 0x0000026018000000, ArchiveRelocationMode: 1.
Compressed class space mapped at: 0x0000026019000000-0x0000026059000000, reserved size: 1073741824
Narrow klass base: 0x0000026018000000, Narrow klass shift: 0, Narrow klass range: 0x41000000

GC Precious Log:
 CardTable entry size: 512
 Card Set container configuration: InlinePtr #cards 4 size 8 Array Of Cards #cards 16 size 48 Howl #buckets 8 coarsen threshold 3686 Howl Bitmap #cards 512 size 80 coarsen threshold 460 Card regions per heap region 1 cards per card region 4096
 CPUs: 8 total, 8 available
 Memory: 16075M
 Large Page Support: Disabled
 NUMA Support: Disabled
 Compressed Oops: Enabled (Zero based)
 Heap Region Size: 2M
 Heap Min Capacity: 8M
 Heap Initial Capacity: 252M
 Heap Max Capacity: 4020M
 Pre-touch: Disabled
 Parallel Workers: 8
 Concurrent Workers: 2
 Concurrent Refinement Workers: 8
 Periodic GC: Disabled

Heap:
 garbage-first heap   total reserved 4116480K, committed 258048K, used 123489K [0x0000000704c00000, 0x0000000800000000)
  region size 2048K, 20 young (40960K), 1 survivors (2048K)
 Metaspace       used 13572K, committed 13824K, reserved 1114112K
  class space    used 1579K, committed 1664K, reserved 1048576K

Heap Regions: E=young(eden), S=young(survivor), O=old, HS=humongous(starts), HC=humongous(continues), CS=collection set, F=free, TAMS=top-at-mark-start, PB=parsable bottom
|   0|0x0000000704c00000, 0x0000000704e00000, 0x0000000704e00000|100%|HS|  |TAMS 0x0000000704c00000| PB 0x0000000704c00000| Complete |  0
|   1|0x0000000704e00000, 0x0000000705000000, 0x0000000705000000|100%|HS|  |TAMS 0x0000000704e00000| PB 0x0000000704e00000| Complete |  0
|   2|0x0000000705000000, 0x0000000705200000, 0x0000000705200000|100%|HS|  |TAMS 0x0000000705000000| PB 0x0000000705000000| Complete |  0
|   3|0x0000000705200000, 0x0000000705400000, 0x0000000705400000|100%|HS|  |TAMS 0x0000000705200000| PB 0x0000000705200000| Complete |  0
|   4|0x0000000705400000, 0x0000000705600000, 0x0000000705600000|100%|HC|  |TAMS 0x0000000705400000| PB 0x0000000705400000| Complete |  0
|   5|0x0000000705600000, 0x0000000705800000, 0x0000000705800000|100%|HC|  |TAMS 0x0000000705600000| PB 0x0000000705600000| Complete |  0
|   6|0x0000000705800000, 0x0000000705a00000, 0x0000000705a00000|100%|HS|  |TAMS 0x0000000705800000| PB 0x0000000705800000| Complete |  0
|   7|0x0000000705a00000, 0x0000000705c00000, 0x0000000705c00000|100%|HC|  |TAMS 0x0000000705a00000| PB 0x0000000705a00000| Complete |  0
|   8|0x0000000705c00000, 0x0000000705e00000, 0x0000000705e00000|100%|HC|  |TAMS 0x0000000705c00000| PB 0x0000000705c00000| Complete |  0
|   9|0x0000000705e00000, 0x0000000706000000, 0x0000000706000000|100%|HC|  |TAMS 0x0000000705e00000| PB 0x0000000705e00000| Complete |  0
|  10|0x0000000706000000, 0x0000000706200000, 0x0000000706200000|100%|HC|  |TAMS 0x0000000706000000| PB 0x0000000706000000| Complete |  0
|  11|0x0000000706200000, 0x0000000706400000, 0x0000000706400000|100%|HC|  |TAMS 0x0000000706200000| PB 0x0000000706200000| Complete |  0
|  12|0x0000000706400000, 0x0000000706600000, 0x0000000706600000|100%|HC|  |TAMS 0x0000000706400000| PB 0x0000000706400000| Complete |  0
|  13|0x0000000706600000, 0x0000000706800000, 0x0000000706800000|100%|HC|  |TAMS 0x0000000706600000| PB 0x0000000706600000| Complete |  0
|  14|0x0000000706800000, 0x0000000706a00000, 0x0000000706a00000|100%|HC|  |TAMS 0x0000000706800000| PB 0x0000000706800000| Complete |  0
|  15|0x0000000706a00000, 0x0000000706c00000, 0x0000000706c00000|100%|HC|  |TAMS 0x0000000706a00000| PB 0x0000000706a00000| Complete |  0
|  16|0x0000000706c00000, 0x0000000706e00000, 0x0000000706e00000|100%|HC|  |TAMS 0x0000000706c00000| PB 0x0000000706c00000| Complete |  0
|  17|0x0000000706e00000, 0x0000000707000000, 0x0000000707000000|100%|HC|  |TAMS 0x0000000706e00000| PB 0x0000000706e00000| Complete |  0
|  18|0x0000000707000000, 0x0000000707200000, 0x0000000707200000|100%|HC|  |TAMS 0x0000000707000000| PB 0x0000000707000000| Complete |  0
|  19|0x0000000707200000, 0x0000000707400000, 0x0000000707400000|100%|HC|  |TAMS 0x0000000707200000| PB 0x0000000707200000| Complete |  0
|  20|0x0000000707400000, 0x0000000707600000, 0x0000000707600000|100%|HC|  |TAMS 0x0000000707400000| PB 0x0000000707400000| Complete |  0
|  21|0x0000000707600000, 0x0000000707800000, 0x0000000707800000|100%|HC|  |TAMS 0x0000000707600000| PB 0x0000000707600000| Complete |  0
|  22|0x0000000707800000, 0x0000000707a00000, 0x0000000707a00000|100%|HS|  |TAMS 0x0000000707800000| PB 0x0000000707800000| Complete |  0
|  23|0x0000000707a00000, 0x0000000707c00000, 0x0000000707c00000|100%|HS|  |TAMS 0x0000000707a00000| PB 0x0000000707a00000| Complete |  0
|  24|0x0000000707c00000, 0x0000000707e00000, 0x0000000707e00000|100%|HS|  |TAMS 0x0000000707c00000| PB 0x0000000707c00000| Complete |  0
|  25|0x0000000707e00000, 0x0000000708000000, 0x0000000708000000|100%|HS|  |TAMS 0x0000000707e00000| PB 0x0000000707e00000| Complete |  0
|  26|0x0000000708000000, 0x0000000708200000, 0x0000000708200000|100%|HC|  |TAMS 0x0000000708000000| PB 0x0000000708000000| Complete |  0
|  27|0x0000000708200000, 0x0000000708400000, 0x0000000708400000|100%|HC|  |TAMS 0x0000000708200000| PB 0x0000000708200000| Complete |  0
|  28|0x0000000708400000, 0x0000000708600000, 0x0000000708600000|100%|HC|  |TAMS 0x0000000708400000| PB 0x0000000708400000| Complete |  0
|  29|0x0000000708600000, 0x0000000708800000, 0x0000000708800000|100%|HC|  |TAMS 0x0000000708600000| PB 0x0000000708600000| Complete |  0
|  30|0x0000000708800000, 0x0000000708a00000, 0x0000000708a00000|100%|HC|  |TAMS 0x0000000708800000| PB 0x0000000708800000| Complete |  0
|  31|0x0000000708a00000, 0x0000000708c00000, 0x0000000708c00000|100%|HC|  |TAMS 0x0000000708a00000| PB 0x0000000708a00000| Complete |  0
|  32|0x0000000708c00000, 0x0000000708e00000, 0x0000000708e00000|100%|HC|  |TAMS 0x0000000708c00000| PB 0x0000000708c00000| Complete |  0
|  33|0x0000000708e00000, 0x0000000709000000, 0x0000000709000000|100%|HC|  |TAMS 0x0000000708e00000| PB 0x0000000708e00000| Complete |  0
|  34|0x0000000709000000, 0x0000000709200000, 0x0000000709200000|100%|HC|  |TAMS 0x0000000709000000| PB 0x0000000709000000| Complete |  0
|  35|0x0000000709200000, 0x0000000709400000, 0x0000000709400000|100%|HC|  |TAMS 0x0000000709200000| PB 0x0000000709200000| Complete |  0
|  36|0x0000000709400000, 0x0000000709600000, 0x0000000709600000|100%|HC|  |TAMS 0x0000000709400000| PB 0x0000000709400000| Complete |  0
|  37|0x0000000709600000, 0x0000000709800000, 0x0000000709800000|100%|HC|  |TAMS 0x0000000709600000| PB 0x0000000709600000| Complete |  0
|  38|0x0000000709800000, 0x0000000709a00000, 0x0000000709a00000|100%|HC|  |TAMS 0x0000000709800000| PB 0x0000000709800000| Complete |  0
|  39|0x0000000709a00000, 0x0000000709c00000, 0x0000000709c00000|100%|HC|  |TAMS 0x0000000709a00000| PB 0x0000000709a00000| Complete |  0
|  40|0x0000000709c00000, 0x0000000709e00000, 0x0000000709e00000|100%|HC|  |TAMS 0x0000000709c00000| PB 0x0000000709c00000| Complete |  0
|  41|0x0000000709e00000, 0x000000070a000000, 0x000000070a000000|100%| O|  |TAMS 0x0000000709e00000| PB 0x0000000709e00000| Untracked |  0
|  42|0x000000070a000000, 0x000000070a1a43b0, 0x000000070a200000| 82%| O|  |TAMS 0x000000070a000000| PB 0x000000070a000000| Untracked |  0
|  43|0x000000070a200000, 0x000000070a200000, 0x000000070a400000|  0%| F|  |TAMS 0x000000070a200000| PB 0x000000070a200000| Untracked |  0
|  44|0x000000070a400000, 0x000000070a400000, 0x000000070a600000|  0%| F|  |TAMS 0x000000070a400000| PB 0x000000070a400000| Untracked |  0
|  45|0x000000070a600000, 0x000000070a600000, 0x000000070a800000|  0%| F|  |TAMS 0x000000070a600000| PB 0x000000070a600000| Untracked |  0
|  46|0x000000070a800000, 0x000000070a800000, 0x000000070aa00000|  0%| F|  |TAMS 0x000000070a800000| PB 0x000000070a800000| Untracked |  0
|  47|0x000000070aa00000, 0x000000070aa00000, 0x000000070ac00000|  0%| F|  |TAMS 0x000000070aa00000| PB 0x000000070aa00000| Untracked |  0
|  48|0x000000070ac00000, 0x000000070ac00000, 0x000000070ae00000|  0%| F|  |TAMS 0x000000070ac00000| PB 0x000000070ac00000| Untracked |  0
|  49|0x000000070ae00000, 0x000000070ae00000, 0x000000070b000000|  0%| F|  |TAMS 0x000000070ae00000| PB 0x000000070ae00000| Untracked |  0
|  50|0x000000070b000000, 0x000000070b000000, 0x000000070b200000|  0%| F|  |TAMS 0x000000070b000000| PB 0x000000070b000000| Untracked |  0
|  51|0x000000070b200000, 0x000000070b200000, 0x000000070b400000|  0%| F|  |TAMS 0x000000070b200000| PB 0x000000070b200000| Untracked |  0
|  52|0x000000070b400000, 0x000000070b400000, 0x000000070b600000|  0%| F|  |TAMS 0x000000070b400000| PB 0x000000070b400000| Untracked |  0
|  53|0x000000070b600000, 0x000000070b600000, 0x000000070b800000|  0%| F|  |TAMS 0x000000070b600000| PB 0x000000070b600000| Untracked |  0
|  54|0x000000070b800000, 0x000000070b800000, 0x000000070ba00000|  0%| F|  |TAMS 0x000000070b800000| PB 0x000000070b800000| Untracked |  0
|  55|0x000000070ba00000, 0x000000070ba00000, 0x000000070bc00000|  0%| F|  |TAMS 0x000000070ba00000| PB 0x000000070ba00000| Untracked |  0
|  56|0x000000070bc00000, 0x000000070bc00000, 0x000000070be00000|  0%| F|  |TAMS 0x000000070bc00000| PB 0x000000070bc00000| Untracked |  0
|  57|0x000000070be00000, 0x000000070be00000, 0x000000070c000000|  0%| F|  |TAMS 0x000000070be00000| PB 0x000000070be00000| Untracked |  0
|  58|0x000000070c000000, 0x000000070c000000, 0x000000070c200000|  0%| F|  |TAMS 0x000000070c000000| PB 0x000000070c000000| Untracked |  0
|  59|0x000000070c200000, 0x000000070c200000, 0x000000070c400000|  0%| F|  |TAMS 0x000000070c200000| PB 0x000000070c200000| Untracked |  0
|  60|0x000000070c400000, 0x000000070c400000, 0x000000070c600000|  0%| F|  |TAMS 0x000000070c400000| PB 0x000000070c400000| Untracked |  0
|  61|0x000000070c600000, 0x000000070c600000, 0x000000070c800000|  0%| F|  |TAMS 0x000000070c600000| PB 0x000000070c600000| Untracked |  0
|  62|0x000000070c800000, 0x000000070c800000, 0x000000070ca00000|  0%| F|  |TAMS 0x000000070c800000| PB 0x000000070c800000| Untracked |  0
|  63|0x000000070ca00000, 0x000000070ca00000, 0x000000070cc00000|  0%| F|  |TAMS 0x000000070ca00000| PB 0x000000070ca00000| Untracked |  0
|  64|0x000000070cc00000, 0x000000070cc00000, 0x000000070ce00000|  0%| F|  |TAMS 0x000000070cc00000| PB 0x000000070cc00000| Untracked |  0
|  65|0x000000070ce00000, 0x000000070ce00000, 0x000000070d000000|  0%| F|  |TAMS 0x000000070ce00000| PB 0x000000070ce00000| Untracked |  0
|  66|0x000000070d000000, 0x000000070d000000, 0x000000070d200000|  0%| F|  |TAMS 0x000000070d000000| PB 0x000000070d000000| Untracked |  0
|  67|0x000000070d200000, 0x000000070d200000, 0x000000070d400000|  0%| F|  |TAMS 0x000000070d200000| PB 0x000000070d200000| Untracked |  0
|  68|0x000000070d400000, 0x000000070d400000, 0x000000070d600000|  0%| F|  |TAMS 0x000000070d400000| PB 0x000000070d400000| Untracked |  0
|  69|0x000000070d600000, 0x000000070d600000, 0x000000070d800000|  0%| F|  |TAMS 0x000000070d600000| PB 0x000000070d600000| Untracked |  0
|  70|0x000000070d800000, 0x000000070d800000, 0x000000070da00000|  0%| F|  |TAMS 0x000000070d800000| PB 0x000000070d800000| Untracked |  0
|  71|0x000000070da00000, 0x000000070da00000, 0x000000070dc00000|  0%| F|  |TAMS 0x000000070da00000| PB 0x000000070da00000| Untracked |  0
|  72|0x000000070dc00000, 0x000000070dc00000, 0x000000070de00000|  0%| F|  |TAMS 0x000000070dc00000| PB 0x000000070dc00000| Untracked |  0
|  73|0x000000070de00000, 0x000000070de00000, 0x000000070e000000|  0%| F|  |TAMS 0x000000070de00000| PB 0x000000070de00000| Untracked |  0
|  74|0x000000070e000000, 0x000000070e000000, 0x000000070e200000|  0%| F|  |TAMS 0x000000070e000000| PB 0x000000070e000000| Untracked |  0
|  75|0x000000070e200000, 0x000000070e200000, 0x000000070e400000|  0%| F|  |TAMS 0x000000070e200000| PB 0x000000070e200000| Untracked |  0
|  76|0x000000070e400000, 0x000000070e400000, 0x000000070e600000|  0%| F|  |TAMS 0x000000070e400000| PB 0x000000070e400000| Untracked |  0
|  77|0x000000070e600000, 0x000000070e600000, 0x000000070e800000|  0%| F|  |TAMS 0x000000070e600000| PB 0x000000070e600000| Untracked |  0
|  78|0x000000070e800000, 0x000000070e800000, 0x000000070ea00000|  0%| F|  |TAMS 0x000000070e800000| PB 0x000000070e800000| Untracked |  0
|  79|0x000000070ea00000, 0x000000070ea00000, 0x000000070ec00000|  0%| F|  |TAMS 0x000000070ea00000| PB 0x000000070ea00000| Untracked |  0
|  80|0x000000070ec00000, 0x000000070ec00000, 0x000000070ee00000|  0%| F|  |TAMS 0x000000070ec00000| PB 0x000000070ec00000| Untracked |  0
|  81|0x000000070ee00000, 0x000000070ee00000, 0x000000070f000000|  0%| F|  |TAMS 0x000000070ee00000| PB 0x000000070ee00000| Untracked |  0
|  82|0x000000070f000000, 0x000000070f000000, 0x000000070f200000|  0%| F|  |TAMS 0x000000070f000000| PB 0x000000070f000000| Untracked |  0
|  83|0x000000070f200000, 0x000000070f200000, 0x000000070f400000|  0%| F|  |TAMS 0x000000070f200000| PB 0x000000070f200000| Untracked |  0
|  84|0x000000070f400000, 0x000000070f400000, 0x000000070f600000|  0%| F|  |TAMS 0x000000070f400000| PB 0x000000070f400000| Untracked |  0
|  85|0x000000070f600000, 0x000000070f600000, 0x000000070f800000|  0%| F|  |TAMS 0x000000070f600000| PB 0x000000070f600000| Untracked |  0
|  86|0x000000070f800000, 0x000000070f800000, 0x000000070fa00000|  0%| F|  |TAMS 0x000000070f800000| PB 0x000000070f800000| Untracked |  0
|  87|0x000000070fa00000, 0x000000070fa00000, 0x000000070fc00000|  0%| F|  |TAMS 0x000000070fa00000| PB 0x000000070fa00000| Untracked |  0
|  88|0x000000070fc00000, 0x000000070fc00000, 0x000000070fe00000|  0%| F|  |TAMS 0x000000070fc00000| PB 0x000000070fc00000| Untracked |  0
|  89|0x000000070fe00000, 0x000000070fe00000, 0x0000000710000000|  0%| F|  |TAMS 0x000000070fe00000| PB 0x000000070fe00000| Untracked |  0
|  90|0x0000000710000000, 0x0000000710000000, 0x0000000710200000|  0%| F|  |TAMS 0x0000000710000000| PB 0x0000000710000000| Untracked |  0
|  91|0x0000000710200000, 0x0000000710200000, 0x0000000710400000|  0%| F|  |TAMS 0x0000000710200000| PB 0x0000000710200000| Untracked |  0
|  92|0x0000000710400000, 0x0000000710400000, 0x0000000710600000|  0%| F|  |TAMS 0x0000000710400000| PB 0x0000000710400000| Untracked |  0
|  93|0x0000000710600000, 0x0000000710600000, 0x0000000710800000|  0%| F|  |TAMS 0x0000000710600000| PB 0x0000000710600000| Untracked |  0
|  94|0x0000000710800000, 0x0000000710800000, 0x0000000710a00000|  0%| F|  |TAMS 0x0000000710800000| PB 0x0000000710800000| Untracked |  0
|  95|0x0000000710a00000, 0x0000000710a00000, 0x0000000710c00000|  0%| F|  |TAMS 0x0000000710a00000| PB 0x0000000710a00000| Untracked |  0
|  96|0x0000000710c00000, 0x0000000710c00000, 0x0000000710e00000|  0%| F|  |TAMS 0x0000000710c00000| PB 0x0000000710c00000| Untracked |  0
|  97|0x0000000710e00000, 0x0000000710e00000, 0x0000000711000000|  0%| F|  |TAMS 0x0000000710e00000| PB 0x0000000710e00000| Untracked |  0
|  98|0x0000000711000000, 0x0000000711000000, 0x0000000711200000|  0%| F|  |TAMS 0x0000000711000000| PB 0x0000000711000000| Untracked |  0
|  99|0x0000000711200000, 0x0000000711200000, 0x0000000711400000|  0%| F|  |TAMS 0x0000000711200000| PB 0x0000000711200000| Untracked |  0
| 100|0x0000000711400000, 0x0000000711400000, 0x0000000711600000|  0%| F|  |TAMS 0x0000000711400000| PB 0x0000000711400000| Untracked |  0
| 101|0x0000000711600000, 0x0000000711600000, 0x0000000711800000|  0%| F|  |TAMS 0x0000000711600000| PB 0x0000000711600000| Untracked |  0
| 102|0x0000000711800000, 0x0000000711800000, 0x0000000711a00000|  0%| F|  |TAMS 0x0000000711800000| PB 0x0000000711800000| Untracked |  0
| 103|0x0000000711a00000, 0x0000000711a00000, 0x0000000711c00000|  0%| F|  |TAMS 0x0000000711a00000| PB 0x0000000711a00000| Untracked |  0
| 104|0x0000000711c00000, 0x0000000711cf4310, 0x0000000711e00000| 47%| S|CS|TAMS 0x0000000711c00000| PB 0x0000000711c00000| Complete |  0
| 105|0x0000000711e00000, 0x0000000711e00000, 0x0000000712000000|  0%| F|  |TAMS 0x0000000711e00000| PB 0x0000000711e00000| Untracked |  0
| 106|0x0000000712000000, 0x0000000712000000, 0x0000000712200000|  0%| F|  |TAMS 0x0000000712000000| PB 0x0000000712000000| Untracked |  0
| 107|0x0000000712200000, 0x000000071227e4c8, 0x0000000712400000| 24%| E|  |TAMS 0x0000000712200000| PB 0x0000000712200000| Complete |  0
| 108|0x0000000712400000, 0x0000000712600000, 0x0000000712600000|100%| E|CS|TAMS 0x0000000712400000| PB 0x0000000712400000| Complete |  0
| 109|0x0000000712600000, 0x0000000712800000, 0x0000000712800000|100%| E|CS|TAMS 0x0000000712600000| PB 0x0000000712600000| Complete |  0
| 110|0x0000000712800000, 0x0000000712a00000, 0x0000000712a00000|100%| E|CS|TAMS 0x0000000712800000| PB 0x0000000712800000| Complete |  0
| 111|0x0000000712a00000, 0x0000000712c00000, 0x0000000712c00000|100%| E|CS|TAMS 0x0000000712a00000| PB 0x0000000712a00000| Complete |  0
| 112|0x0000000712c00000, 0x0000000712e00000, 0x0000000712e00000|100%| E|CS|TAMS 0x0000000712c00000| PB 0x0000000712c00000| Complete |  0
| 113|0x0000000712e00000, 0x0000000713000000, 0x0000000713000000|100%| E|CS|TAMS 0x0000000712e00000| PB 0x0000000712e00000| Complete |  0
| 114|0x0000000713000000, 0x0000000713200000, 0x0000000713200000|100%| E|  |TAMS 0x0000000713000000| PB 0x0000000713000000| Complete |  0
| 115|0x0000000713200000, 0x0000000713400000, 0x0000000713400000|100%| E|CS|TAMS 0x0000000713200000| PB 0x0000000713200000| Complete |  0
| 116|0x0000000713400000, 0x0000000713600000, 0x0000000713600000|100%| E|CS|TAMS 0x0000000713400000| PB 0x0000000713400000| Complete |  0
| 117|0x0000000713600000, 0x0000000713800000, 0x0000000713800000|100%| E|CS|TAMS 0x0000000713600000| PB 0x0000000713600000| Complete |  0
| 118|0x0000000713800000, 0x0000000713a00000, 0x0000000713a00000|100%| E|CS|TAMS 0x0000000713800000| PB 0x0000000713800000| Complete |  0
| 119|0x0000000713a00000, 0x0000000713c00000, 0x0000000713c00000|100%| E|CS|TAMS 0x0000000713a00000| PB 0x0000000713a00000| Complete |  0
| 120|0x0000000713c00000, 0x0000000713e00000, 0x0000000713e00000|100%| E|CS|TAMS 0x0000000713c00000| PB 0x0000000713c00000| Complete |  0
| 121|0x0000000713e00000, 0x0000000714000000, 0x0000000714000000|100%| E|CS|TAMS 0x0000000713e00000| PB 0x0000000713e00000| Complete |  0
| 122|0x0000000714000000, 0x0000000714200000, 0x0000000714200000|100%| E|CS|TAMS 0x0000000714000000| PB 0x0000000714000000| Complete |  0
| 123|0x0000000714200000, 0x0000000714400000, 0x0000000714400000|100%| E|CS|TAMS 0x0000000714200000| PB 0x0000000714200000| Complete |  0
| 124|0x0000000714400000, 0x0000000714600000, 0x0000000714600000|100%| E|CS|TAMS 0x0000000714400000| PB 0x0000000714400000| Complete |  0
| 125|0x0000000714600000, 0x0000000714800000, 0x0000000714800000|100%| E|CS|TAMS 0x0000000714600000| PB 0x0000000714600000| Complete |  0

Card table byte_map: [0x0000026078f80000,0x0000026079760000] _byte_map_base: 0x000002607575a000

Marking Bits: (CMBitMap*) 0x000002607841abb0
 Bits: [0x0000026079760000, 0x000002607d630000)

Polling page: 0x0000026076360000

Metaspace:

Usage:
  Non-class:     11.71 MB used.
      Class:      1.54 MB used.
       Both:     13.25 MB used.

Virtual space:
  Non-class space:       64.00 MB reserved,      11.88 MB ( 19%) committed,  1 nodes.
      Class space:        1.00 GB reserved,       1.62 MB ( <1%) committed,  1 nodes.
             Both:        1.06 GB reserved,      13.50 MB (  1%) committed. 

Chunk freelists:
   Non-Class:  4.03 MB
       Class:  14.39 MB
        Both:  18.42 MB

MaxMetaspaceSize: unlimited
CompressedClassSpaceSize: 1.00 GB
Initial GC threshold: 21.00 MB
Current GC threshold: 21.00 MB
CDS: on
 - commit_granule_bytes: 65536.
 - commit_granule_words: 8192.
 - virtual_space_node_default_size: 8388608.
 - enlarge_chunks_in_place: 1.
 - use_allocation_guard: 0.


Internal statistics:

num_allocs_failed_limit: 0.
num_arena_births: 182.
num_arena_deaths: 0.
num_vsnodes_births: 2.
num_vsnodes_deaths: 0.
num_space_committed: 216.
num_space_uncommitted: 0.
num_chunks_returned_to_freelist: 0.
num_chunks_taken_from_freelist: 298.
num_chunk_merges: 0.
num_chunk_splits: 171.
num_chunks_enlarged: 77.
num_inconsistent_stats: 0.

CodeHeap 'non-profiled nmethods': size=120000Kb used=1024Kb max_used=1024Kb free=118975Kb
 bounds [0x000002600fd60000, 0x000002600ffd0000, 0x0000026017290000]
CodeHeap 'profiled nmethods': size=120000Kb used=4874Kb max_used=4874Kb free=115125Kb
 bounds [0x0000026008290000, 0x0000026008760000, 0x000002600f7c0000]
CodeHeap 'non-nmethods': size=5760Kb used=1875Kb max_used=1894Kb free=3884Kb
 bounds [0x000002600f7c0000, 0x000002600fa30000, 0x000002600fd60000]
 total_blobs=3225 nmethods=2513 adapters=616
 compilation: enabled
              stopped_count=0, restarted_count=0
 full_count=0

Compilation events (20 events):
Event: 14.848 Thread 0x00000260175e7b80 2504   !   4       java.util.zip.Inflater::inflate (456 bytes)
Event: 14.850 Thread 0x00000260175e7b80 nmethod 2504 0x000002600fe5b690 code [0x000002600fe5b860, 0x000002600fe5bd78]
Event: 14.856 Thread 0x00000260175e7b80 2505       4       java.io.FilterInputStream::read (11 bytes)
Event: 14.860 Thread 0x00000260175e7b80 nmethod 2505 0x000002600fe5c210 code [0x000002600fe5c440, 0x000002600fe5cee0]
Event: 14.860 Thread 0x00000260175e7b80 2507   !   4       java.util.zip.InflaterInputStream::read (129 bytes)
Event: 14.867 Thread 0x00000260175e7b80 nmethod 2507 0x000002600fe5d590 code [0x000002600fe5d820, 0x000002600fe5ead8]
Event: 14.867 Thread 0x00000260175e7b80 2506   !   4       java.io.FileOutputStream::write (47 bytes)
Event: 14.868 Thread 0x00000260175e7b80 nmethod 2506 0x000002600fe5f590 code [0x000002600fe5f720, 0x000002600fe5f890]
Event: 14.887 Thread 0x00000260175e7b80 2508   !   4       java.util.zip.Inflater::setInput (56 bytes)
Event: 14.888 Thread 0x00000260175e7b80 nmethod 2508 0x000002600fe5fa90 code [0x000002600fe5fc20, 0x000002600fe60008]
Event: 14.959 Thread 0x00000260175ec730 2509       3       java.util.jar.JarFile::getEntry (35 bytes)
Event: 14.959 Thread 0x00000260175ec730 nmethod 2509 0x000002600874f990 code [0x000002600874fb80, 0x000002600874ffe8]
Event: 14.959 Thread 0x00000260175ec730 2510   !   3       jdk.internal.loader.URLClassPath$JarLoader::getResource (40 bytes)
Event: 14.960 Thread 0x00000260175ec730 nmethod 2510 0x0000026008750190 code [0x0000026008750380, 0x00000260087508f8]
Event: 14.960 Thread 0x00000260175ec730 2511       3       java.util.jar.JarFile::getJarEntry (9 bytes)
Event: 14.960 Thread 0x00000260175ec730 nmethod 2511 0x0000026008750b10 code [0x0000026008750cc0, 0x0000026008750f58]
Event: 14.960 Thread 0x00000260175ec730 2512       3       java.util.WeakHashMap::put (160 bytes)
Event: 14.960 Thread 0x00000260175ec730 nmethod 2512 0x0000026008751010 code [0x00000260087512a0, 0x0000026008752240]
Event: 14.961 Thread 0x00000260175ec730 2513       3       java.net.URL::<init> (8 bytes)
Event: 14.961 Thread 0x00000260175ec730 nmethod 2513 0x0000026008752790 code [0x0000026008752940, 0x0000026008752a88]

GC Heap History (4 events):
Event: 0.490 GC heap before
{Heap before GC invocations=0 (full 0):
 garbage-first heap   total reserved 4116480K, committed 258048K, used 67584K [0x0000000704c00000, 0x0000000800000000)
  region size 2048K, 12 young (24576K), 0 survivors (0K)
 Metaspace       used 6421K, committed 6656K, reserved 1114112K
  class space    used 706K, committed 832K, reserved 1048576K
}
Event: 0.493 GC heap after
{Heap after GC invocations=1 (full 0):
 garbage-first heap   total reserved 4116480K, committed 258048K, used 49004K [0x0000000704c00000, 0x0000000800000000)
  region size 2048K, 2 young (4096K), 2 survivors (4096K)
 Metaspace       used 6421K, committed 6656K, reserved 1114112K
  class space    used 706K, committed 832K, reserved 1048576K
}
Event: 1.833 GC heap before
{Heap before GC invocations=1 (full 0):
 garbage-first heap   total reserved 4116480K, committed 258048K, used 124780K [0x0000000704c00000, 0x0000000800000000)
  region size 2048K, 21 young (43008K), 2 survivors (4096K)
 Metaspace       used 9154K, committed 9344K, reserved 1114112K
  class space    used 1059K, committed 1152K, reserved 1048576K
}
Event: 1.839 GC heap after
{Heap after GC invocations=2 (full 0):
 garbage-first heap   total reserved 4116480K, committed 258048K, used 88673K [0x0000000704c00000, 0x0000000800000000)
  region size 2048K, 1 young (2048K), 1 survivors (2048K)
 Metaspace       used 9154K, committed 9344K, reserved 1114112K
  class space    used 1059K, committed 1152K, reserved 1048576K
}

Dll operation events (12 events):
Event: 0.005 Loaded shared library C:\Program Files\Java\jdk-22\bin\java.dll
Event: 0.027 Loaded shared library C:\Program Files\Java\jdk-22\bin\jsvml.dll
Event: 0.057 Loaded shared library C:\Program Files\Java\jdk-22\bin\jimage.dll
Event: 0.060 Loaded shared library C:\Program Files\Java\jdk-22\bin\net.dll
Event: 0.061 Loaded shared library C:\Program Files\Java\jdk-22\bin\nio.dll
Event: 0.064 Loaded shared library C:\Program Files\Java\jdk-22\bin\zip.dll
Event: 0.079 Loaded shared library C:\Program Files\Java\jdk-22\bin\awt.dll
Event: 0.358 Loaded shared library C:\Program Files\Java\jdk-22\bin\freetype.dll
Event: 0.359 Loaded shared library C:\Program Files\Java\jdk-22\bin\fontmanager.dll
Event: 0.448 Loaded shared library C:\Program Files\Java\jdk-22\bin\javajpeg.dll
Event: 14.635 Loaded shared library C:\Program Files\Java\jdk-22\bin\verify.dll
Event: 14.958 Loaded shared library C:\Users\Jireh Escobar\AppData\Local\Temp\xuggle\xuggle10197151604019768081.dll

Deoptimization events (20 events):
Event: 14.780 Thread 0x000002605f5edfc0 Uncommon trap: trap_request=0xffffff45 fr.pc=0x000002600fe2a9b0 relative=0x0000000000000190
Event: 14.780 Thread 0x000002605f5edfc0 Uncommon trap: reason=unstable_if action=reinterpret pc=0x000002600fe2a9b0 method=java.lang.String.equals(Ljava/lang/Object;)Z @ 33 c2
Event: 14.780 Thread 0x000002605f5edfc0 DEOPT PACKING pc=0x000002600fe2a9b0 sp=0x000000b782ffb090
Event: 14.780 Thread 0x000002605f5edfc0 DEOPT UNPACKING pc=0x000002600f817da2 sp=0x000000b782ffb020 mode 2
Event: 14.780 Thread 0x000002605f5edfc0 Uncommon trap: trap_request=0xffffff45 fr.pc=0x000002600fe4e368 relative=0x0000000000000608
Event: 14.780 Thread 0x000002605f5edfc0 Uncommon trap: reason=unstable_if action=reinterpret pc=0x000002600fe4e368 method=java.lang.AbstractStringBuilder.inflateIfNeededFor(Ljava/lang/String;)V @ 14 c2
Event: 14.780 Thread 0x000002605f5edfc0 DEOPT PACKING pc=0x000002600fe4e368 sp=0x000000b782ffb010
Event: 14.780 Thread 0x000002605f5edfc0 DEOPT UNPACKING pc=0x000002600f817da2 sp=0x000000b782ffaec0 mode 2
Event: 14.780 Thread 0x000002605f5edfc0 Uncommon trap: trap_request=0xffffff45 fr.pc=0x000002600fe0731c relative=0x000000000000027c
Event: 14.780 Thread 0x000002605f5edfc0 Uncommon trap: reason=unstable_if action=reinterpret pc=0x000002600fe0731c method=java.lang.String.startsWith(Ljava/lang/String;I)Z @ 50 c2
Event: 14.780 Thread 0x000002605f5edfc0 DEOPT PACKING pc=0x000002600fe0731c sp=0x000000b782ffae90
Event: 14.780 Thread 0x000002605f5edfc0 DEOPT UNPACKING pc=0x000002600f817da2 sp=0x000000b782ffae18 mode 2
Event: 14.780 Thread 0x000002605f5edfc0 Uncommon trap: trap_request=0xffffff45 fr.pc=0x000002600fd931d0 relative=0x0000000000000670
Event: 14.780 Thread 0x000002605f5edfc0 Uncommon trap: reason=unstable_if action=reinterpret pc=0x000002600fd931d0 method=java.lang.String.substring(II)Ljava/lang/String; @ 31 c2
Event: 14.780 Thread 0x000002605f5edfc0 DEOPT PACKING pc=0x000002600fd931d0 sp=0x000000b782ffaec0
Event: 14.780 Thread 0x000002605f5edfc0 DEOPT UNPACKING pc=0x000002600f817da2 sp=0x000000b782ffae90 mode 2
Event: 14.780 Thread 0x000002605f5edfc0 Uncommon trap: trap_request=0xffffff45 fr.pc=0x000002600fe4d654 relative=0x00000000000005f4
Event: 14.780 Thread 0x000002605f5edfc0 Uncommon trap: reason=unstable_if action=reinterpret pc=0x000002600fe4d654 method=java.lang.AbstractStringBuilder.inflateIfNeededFor(Ljava/lang/String;)V @ 14 c2
Event: 14.780 Thread 0x000002605f5edfc0 DEOPT PACKING pc=0x000002600fe4d654 sp=0x000000b782ffafb0
Event: 14.780 Thread 0x000002605f5edfc0 DEOPT UNPACKING pc=0x000002600f817da2 sp=0x000000b782ffaeb8 mode 2

Classes loaded (20 events):
Event: 14.774 Loading class sun/nio/fs/WindowsDirectoryStream$WindowsDirectoryIterator
Event: 14.774 Loading class sun/nio/fs/WindowsDirectoryStream$WindowsDirectoryIterator done
Event: 14.774 Loading class sun/nio/fs/WindowsPath$WindowsPathWithAttributes
Event: 14.774 Loading class sun/nio/fs/BasicFileAttributesHolder
Event: 14.774 Loading class sun/nio/fs/BasicFileAttributesHolder done
Event: 14.774 Loading class sun/nio/fs/WindowsPath$WindowsPathWithAttributes done
Event: 14.785 Loading class sun/security/provider/AbstractDrbg$NonceProvider
Event: 14.785 Loading class sun/security/provider/AbstractDrbg$NonceProvider done
Event: 14.785 Loading class sun/security/provider/SHA2$SHA256
Event: 14.785 Loading class sun/security/provider/SHA2
Event: 14.786 Loading class sun/security/provider/SHA2 done
Event: 14.786 Loading class sun/security/provider/SHA2$SHA256 done
Event: 14.788 Loading class java/io/DeleteOnExitHook
Event: 14.788 Loading class java/io/DeleteOnExitHook done
Event: 14.788 Loading class java/io/DeleteOnExitHook$1
Event: 14.788 Loading class java/io/DeleteOnExitHook$1 done
Event: 14.890 Loading class java/io/FileOutputStream$1
Event: 14.890 Loading class java/io/FileOutputStream$1 done
Event: 14.960 Loading class java/util/concurrent/atomic/AtomicReference
Event: 14.960 Loading class java/util/concurrent/atomic/AtomicReference done

Classes unloaded (0 events):
No events

Classes redefined (0 events):
No events

Internal exceptions (20 events):
Event: 0.072 Thread 0x000002607619b580 Exception <a 'java/lang/ClassNotFoundException'{0x00000007145c7818}: sun/awt/resources/spi/awtProvider> (0x00000007145c7818) 
thrown [s\open\src\hotspot\share\classfile\systemDictionary.cpp, line 313]
Event: 0.086 Thread 0x000002607619b580 Exception <a 'java/io/FileNotFoundException'{0x000000071421fed8}> (0x000000071421fed8) 
thrown [s\open\src\hotspot\share\prims\jni.cpp, line 520]
Event: 0.091 Thread 0x000002607619b580 Exception <a 'java/io/FileNotFoundException'{0x000000071424e118}> (0x000000071424e118) 
thrown [s\open\src\hotspot\share\prims\jni.cpp, line 520]
Event: 0.140 Thread 0x000002607619b580 Exception <a 'java/lang/NoSuchMethodError'{0x00000007142e9c48}: 'void java.lang.invoke.DirectMethodHandle$Holder.invokeSpecial(java.lang.Object, java.lang.Object, java.lang.Object)'> (0x00000007142e9c48) 
thrown [s\open\src\hotspot\share\interpreter\linkResolver.cpp, line 774]
Event: 0.144 Thread 0x000002607619b580 Exception <a 'java/lang/NoSuchMethodError'{0x00000007140060d0}: 'java.lang.Object java.lang.invoke.DirectMethodHandle$Holder.newInvokeSpecial(java.lang.Object, java.lang.Object, java.lang.Object, java.lang.Object, java.lang.Object)'> (0x00000007140060d0) 
thrown [s\open\src\hotspot\share\interpreter\linkResolver.cpp, line 774]
Event: 0.147 Thread 0x000002607619b580 Exception <a 'java/lang/NoSuchMethodError'{0x0000000714032a70}: 'java.lang.Object java.lang.invoke.DirectMethodHandle$Holder.invokeStatic(java.lang.Object, int, java.lang.Object)'> (0x0000000714032a70) 
thrown [s\open\src\hotspot\share\interpreter\linkResolver.cpp, line 774]
Event: 0.158 Thread 0x000002607619b580 Exception <a 'java/lang/ClassNotFoundException'{0x00000007140d49e8}: com/sun/swing/internal/plaf/metal/resources/spi/metalProvider> (0x00000007140d49e8) 
thrown [s\open\src\hotspot\share\classfile\systemDictionary.cpp, line 313]
Event: 0.159 Thread 0x000002607619b580 Exception <a 'java/lang/ClassNotFoundException'{0x00000007140d89c8}: com/sun/swing/internal/plaf/basic/resources/spi/basicProvider> (0x00000007140d89c8) 
thrown [s\open\src\hotspot\share\classfile\systemDictionary.cpp, line 313]
Event: 0.164 Thread 0x000002607619b580 Exception <a 'java/lang/NoSuchMethodError'{0x00000007140f89c0}: 'int java.lang.invoke.Invokers$Holder.invokeExact_MT(java.lang.Object, java.lang.Object)'> (0x00000007140f89c0) 
thrown [s\open\src\hotspot\share\interpreter\linkResolver.cpp, line 774]
Event: 0.210 Thread 0x00000260179c2490 Exception <a 'java/lang/NoSuchMethodError'{0x0000000713f23838}: 'java.lang.Object java.lang.invoke.DirectMethodHandle$Holder.newInvokeSpecial(java.lang.Object, java.lang.Object, java.lang.Object, int, int, int, int, int)'> (0x0000000713f23838) 
thrown [s\open\src\hotspot\share\interpreter\linkResolver.cpp, line 774]
Event: 0.340 Thread 0x000002601795e0e0 Exception <a 'java/lang/NoSuchMethodError'{0x000000071437ff08}: 'void java.lang.invoke.DirectMethodHandle$Holder.invokeVirtual(java.lang.Object, java.lang.Object)'> (0x000000071437ff08) 
thrown [s\open\src\hotspot\share\interpreter\linkResolver.cpp, line 774]
Event: 0.354 Thread 0x000002607619b580 Exception <a 'java/lang/NoSuchMethodError'{0x0000000714130960}: 'void java.lang.invoke.DirectMethodHandle$Holder.invokeStaticInit(java.lang.Object)'> (0x0000000714130960) 
thrown [s\open\src\hotspot\share\interpreter\linkResolver.cpp, line 774]
Event: 9.993 Thread 0x000002605e8ed8b0 Exception <a 'java/lang/NoSuchMethodError'{0x0000000712d169e0}: 'void java.lang.invoke.DirectMethodHandle$Holder.invokeStatic(java.lang.Object, java.lang.Object, java.lang.Object)'> (0x0000000712d169e0) 
thrown [s\open\src\hotspot\share\interpreter\linkResolver.cpp, line 774]
Event: 9.993 Thread 0x000002605e8ed8b0 Exception <a 'java/lang/NoSuchMethodError'{0x0000000712d1c828}: 'void java.lang.invoke.DirectMethodHandle$Holder.invokeStatic(java.lang.Object, java.lang.Object)'> (0x0000000712d1c828) 
thrown [s\open\src\hotspot\share\interpreter\linkResolver.cpp, line 774]
Event: 10.284 Thread 0x000002605e8ed8b0 Exception <a 'java/lang/NoSuchMethodError'{0x0000000712a39b18}: 'int java.lang.invoke.DirectMethodHandle$Holder.invokeStatic(java.lang.Object)'> (0x0000000712a39b18) 
thrown [s\open\src\hotspot\share\interpreter\linkResolver.cpp, line 774]
Event: 14.651 Thread 0x000002605f5edfc0 Implicit null exception at 0x000002600fe35adc to 0x000002600fe35d1f
Event: 14.668 Thread 0x000002605f5edfc0 Exception <a 'java/lang/ClassNotFoundException'{0x0000000712742b90}: javax/smartcardio/CardPermission> (0x0000000712742b90) 
thrown [s\open\src\hotspot\share\classfile\systemDictionary.cpp, line 313]
Event: 14.674 Thread 0x000002605f5edfc0 Exception <a 'java/io/FileNotFoundException'{0x00000007127510a0}> (0x00000007127510a0) 
thrown [s\open\src\hotspot\share\prims\jni.cpp, line 520]
Event: 14.757 Thread 0x000002605f5edfc0 Exception <a 'java/lang/NoSuchMethodError'{0x000000071252b980}: 'java.lang.Object java.lang.invoke.DirectMethodHandle$Holder.invokeStaticInit(java.lang.Object, int, int, int, int)'> (0x000000071252b980) 
thrown [s\open\src\hotspot\share\interpreter\linkResolver.cpp, line 774]
Event: 14.783 Thread 0x000002605f5edfc0 Exception <a 'java/lang/NoSuchMethodError'{0x00000007125f9d10}: 'java.lang.Object java.lang.invoke.DirectMethodHandle$Holder.invokeStaticInit(java.lang.Object, java.lang.Object, int, int, int, int)'> (0x00000007125f9d10) 
thrown [s\open\src\hotspot\share\interpreter\linkResolver.cpp, line 774]

ZGC Phase Switch (0 events):
No events

VM Operations (20 events):
Event: 10.028 Executing VM operation: HandshakeAllThreads (Deoptimize)
Event: 10.028 Executing VM operation: HandshakeAllThreads (Deoptimize) done
Event: 10.038 Executing VM operation: HandshakeAllThreads (Deoptimize)
Event: 10.038 Executing VM operation: HandshakeAllThreads (Deoptimize) done
Event: 10.239 Executing VM operation: HandshakeAllThreads (Deoptimize)
Event: 10.239 Executing VM operation: HandshakeAllThreads (Deoptimize) done
Event: 11.239 Executing VM operation: Cleanup
Event: 11.239 Executing VM operation: Cleanup done
Event: 12.239 Executing VM operation: Cleanup
Event: 12.239 Executing VM operation: Cleanup done
Event: 13.240 Executing VM operation: Cleanup
Event: 13.240 Executing VM operation: Cleanup done
Event: 14.657 Executing VM operation: HandshakeAllThreads (Deoptimize)
Event: 14.657 Executing VM operation: HandshakeAllThreads (Deoptimize) done
Event: 14.657 Executing VM operation: Cleanup
Event: 14.658 Executing VM operation: Cleanup done
Event: 14.726 Executing VM operation: HandshakeAllThreads (Deoptimize)
Event: 14.726 Executing VM operation: HandshakeAllThreads (Deoptimize) done
Event: 14.960 Executing VM operation: HandshakeAllThreads (Deoptimize)
Event: 14.960 Executing VM operation: HandshakeAllThreads (Deoptimize) done

Memory protections (0 events):
No events

Nmethod flushes (0 events):
No events

Events (20 events):
Event: 1.698 Thread 0x00000260175ec730 Thread added: 0x00000260175e9e50
Event: 4.309 Thread 0x00000260175e9e50 Thread exited: 0x00000260175e9e50
Event: 4.956 Thread 0x000002605e8ed8b0 Thread added: 0x000002605eee1580
Event: 6.671 Thread 0x000002605ef1c1a0 Thread exited: 0x000002605ef1c1a0
Event: 7.009 Thread 0x00000260179c2490 Thread exited: 0x00000260179c2490
Event: 8.678 Thread 0x000002605e8ed8b0 Thread added: 0x000002605f5ed2a0
Event: 10.035 Thread 0x000002605e8ed8b0 Thread added: 0x000002605f5f0090
Event: 10.229 Thread 0x000002605e8ed8b0 Thread added: 0x000002605f5f0720
Event: 10.230 Thread 0x000002605e8ed8b0 Thread added: 0x000002605f5edfc0
Event: 10.230 Thread 0x000002605f5f0720 Thread exited: 0x000002605f5f0720
Event: 10.238 Thread 0x000002605e8ed8b0 Thread added: 0x000002605f5eece0
Event: 10.238 Thread 0x000002605f5edfc0 Thread exited: 0x000002605f5edfc0
Event: 10.257 Thread 0x000002605f5eece0 Thread exited: 0x000002605f5eece0
Event: 10.273 Thread 0x000002605e8ed8b0 Thread added: 0x000002605f5f0720
Event: 10.283 Thread 0x000002605f5f0720 Thread exited: 0x000002605f5f0720
Event: 11.783 Thread 0x000002605e8ed8b0 Thread added: 0x000002605f5ed930
Event: 11.787 Thread 0x00000260175e7b80 Thread added: 0x00000260175eabf0
Event: 11.797 Thread 0x000002605f5ed930 Thread exited: 0x000002605f5ed930
Event: 11.943 Thread 0x00000260175eabf0 Thread exited: 0x00000260175eabf0
Event: 14.623 Thread 0x000002605e8ed8b0 Thread added: 0x000002605f5edfc0


Dynamic libraries:
0x00007ff7a0120000 - 0x00007ff7a0130000 	C:\Program Files\Java\jdk-22\bin\java.exe
0x00007ffa13fd0000 - 0x00007ffa141e7000 	C:\WINDOWS\SYSTEM32\ntdll.dll
0x00007ffa12640000 - 0x00007ffa12704000 	C:\WINDOWS\System32\KERNEL32.DLL
0x00007ffa11430000 - 0x00007ffa117e9000 	C:\WINDOWS\System32\KERNELBASE.dll
0x00007ffa11310000 - 0x00007ffa11421000 	C:\WINDOWS\System32\ucrtbase.dll
0x00007ff9ffe00000 - 0x00007ff9ffe1b000 	C:\Program Files\Java\jdk-22\bin\VCRUNTIME140.dll
0x00007ffa040b0000 - 0x00007ffa040c7000 	C:\Program Files\Java\jdk-22\bin\jli.dll
0x00007ffa129d0000 - 0x00007ffa12b7e000 	C:\WINDOWS\System32\USER32.dll
0x00007ff9f59c0000 - 0x00007ff9f5c52000 	C:\WINDOWS\WinSxS\amd64_microsoft.windows.common-controls_6595b64144ccf1df_6.0.22621.4391_none_2715d37f73803e96\COMCTL32.dll
0x00007ffa11be0000 - 0x00007ffa11c06000 	C:\WINDOWS\System32\win32u.dll
0x00007ffa11f10000 - 0x00007ffa11fb7000 	C:\WINDOWS\System32\msvcrt.dll
0x00007ffa122f0000 - 0x00007ffa12319000 	C:\WINDOWS\System32\GDI32.dll
0x00007ffa117f0000 - 0x00007ffa1190b000 	C:\WINDOWS\System32\gdi32full.dll
0x00007ffa11910000 - 0x00007ffa119aa000 	C:\WINDOWS\System32\msvcp_win.dll
0x00007ffa13990000 - 0x00007ffa139c1000 	C:\WINDOWS\System32\IMM32.DLL
0x00007ffa0aae0000 - 0x00007ffa0aaec000 	C:\Program Files\Java\jdk-22\bin\vcruntime140_1.dll
0x00007ff9b3150000 - 0x00007ff9b31de000 	C:\Program Files\Java\jdk-22\bin\msvcp140.dll
0x00007ff9531f0000 - 0x00007ff953f39000 	C:\Program Files\Java\jdk-22\bin\server\jvm.dll
0x00007ffa12320000 - 0x00007ffa123d2000 	C:\WINDOWS\System32\ADVAPI32.dll
0x00007ffa11de0000 - 0x00007ffa11e87000 	C:\WINDOWS\System32\sechost.dll
0x00007ffa11c10000 - 0x00007ffa11c38000 	C:\WINDOWS\System32\bcrypt.dll
0x00007ffa11cc0000 - 0x00007ffa11dd4000 	C:\WINDOWS\System32\RPCRT4.dll
0x00007ffa11fc0000 - 0x00007ffa12031000 	C:\WINDOWS\System32\WS2_32.dll
0x00007ffa100f0000 - 0x00007ffa1013d000 	C:\WINDOWS\SYSTEM32\POWRPROF.dll
0x00007ffa097a0000 - 0x00007ffa097aa000 	C:\WINDOWS\SYSTEM32\VERSION.dll
0x00007ffa09cd0000 - 0x00007ffa09d04000 	C:\WINDOWS\SYSTEM32\WINMM.dll
0x00007ffa100d0000 - 0x00007ffa100e3000 	C:\WINDOWS\SYSTEM32\UMPDC.dll
0x00007ffa10390000 - 0x00007ffa103a8000 	C:\WINDOWS\SYSTEM32\kernel.appcore.dll
0x00007ffa070d0000 - 0x00007ffa070da000 	C:\Program Files\Java\jdk-22\bin\jimage.dll
0x00007ffa0e9c0000 - 0x00007ffa0ebf2000 	C:\WINDOWS\SYSTEM32\DBGHELP.DLL
0x00007ffa13aa0000 - 0x00007ffa13e2f000 	C:\WINDOWS\System32\combase.dll
0x00007ffa12050000 - 0x00007ffa12127000 	C:\WINDOWS\System32\OLEAUT32.dll
0x00007ff9f28f0000 - 0x00007ff9f2922000 	C:\WINDOWS\SYSTEM32\dbgcore.DLL
0x00007ffa11c40000 - 0x00007ffa11cbb000 	C:\WINDOWS\System32\bcryptPrimitives.dll
0x00007ff9ffde0000 - 0x00007ff9ffdfe000 	C:\Program Files\Java\jdk-22\bin\java.dll
0x00007ffa12b80000 - 0x00007ffa133f6000 	C:\WINDOWS\System32\SHELL32.dll
0x00007ffa12820000 - 0x00007ffa129c5000 	C:\WINDOWS\System32\ole32.dll
0x00007ffa0f1a0000 - 0x00007ffa0faa3000 	C:\WINDOWS\SYSTEM32\windows.storage.dll
0x00007ffa0f060000 - 0x00007ffa0f19f000 	C:\WINDOWS\SYSTEM32\wintypes.dll
0x00007ffa13400000 - 0x00007ffa134f9000 	C:\WINDOWS\System32\SHCORE.dll
0x00007ffa11e90000 - 0x00007ffa11eee000 	C:\WINDOWS\System32\shlwapi.dll
0x00007ffa111d0000 - 0x00007ffa111fb000 	C:\WINDOWS\SYSTEM32\profapi.dll
0x00007ff9b1660000 - 0x00007ff9b1737000 	C:\Program Files\Java\jdk-22\bin\jsvml.dll
0x00007ffa03ab0000 - 0x00007ffa03ac0000 	C:\Program Files\Java\jdk-22\bin\net.dll
0x00007ffa10810000 - 0x00007ffa10879000 	C:\WINDOWS\system32\mswsock.dll
0x00007ff9ffc20000 - 0x00007ff9ffc36000 	C:\Program Files\Java\jdk-22\bin\nio.dll
0x00007ff9f6eb0000 - 0x00007ff9f6ec7000 	C:\Program Files\Java\jdk-22\bin\zip.dll
0x00007ff9aef10000 - 0x00007ff9af09e000 	C:\Program Files\Java\jdk-22\bin\awt.dll
0x00007ffa0b010000 - 0x00007ffa0b0a7000 	C:\WINDOWS\SYSTEM32\apphelp.dll
0x00007ffa0e340000 - 0x00007ffa0e36b000 	C:\WINDOWS\system32\DWMAPI.DLL
0x00007ffa0b940000 - 0x00007ffa0b9f1000 	C:\WINDOWS\system32\uxtheme.dll
0x00007ff9dd420000 - 0x00007ff9dd520000 	C:\WINDOWS\system32\opengl32.dll
0x00007ff9f4e60000 - 0x00007ff9f4e8d000 	C:\WINDOWS\SYSTEM32\GLU32.dll
0x00007ffa0e3a0000 - 0x00007ffa0e3d7000 	C:\WINDOWS\SYSTEM32\dxcore.dll
0x00007ffa124e0000 - 0x00007ffa12640000 	C:\WINDOWS\System32\MSCTF.dll
0x00007ff9b15d0000 - 0x00007ff9b1657000 	C:\Program Files\Java\jdk-22\bin\freetype.dll
0x00007ff9a79e0000 - 0x00007ff9a7ab7000 	C:\Program Files\Java\jdk-22\bin\fontmanager.dll
0x00007ffa002a0000 - 0x00007ffa003e5000 	C:\WINDOWS\SYSTEM32\textinputframework.dll
0x00007ff9f44b0000 - 0x00007ff9f4519000 	C:\WINDOWS\system32\Oleacc.dll
0x00007ffa13eb0000 - 0x00007ffa13f60000 	C:\WINDOWS\System32\clbcatq.dll
0x00007ffa03ae0000 - 0x00007ffa03b2b000 	C:\WINDOWS\system32\ApplicationTargetedFeatureDatabase.dll
0x00007ffa01950000 - 0x00007ffa01bf4000 	C:\Windows\System32\twinapi.appcore.dll
0x00007ff9d4250000 - 0x00007ff9d4699000 	C:\WINDOWS\SYSTEM32\uiautomationcore.dll
0x00007ffa03fc0000 - 0x00007ffa03fee000 	C:\Program Files\Java\jdk-22\bin\javajpeg.dll
0x00007ffa03ed0000 - 0x00007ffa03ee5000 	C:\Windows\System32\threadpoolwinrt.dll
0x00007ffa08ff0000 - 0x00007ffa09123000 	C:\WINDOWS\SYSTEM32\CoreMessaging.dll
0x00007ffa06840000 - 0x00007ffa06bad000 	C:\WINDOWS\SYSTEM32\CoreUIComponents.dll
0x00007ffa10a30000 - 0x00007ffa10a3c000 	C:\WINDOWS\SYSTEM32\CRYPTBASE.DLL
0x00007ffa0b740000 - 0x00007ffa0b8f1000 	C:\WINDOWS\SYSTEM32\WindowsCodecs.dll
0x00007ffa000c0000 - 0x00007ffa0011e000 	C:\WINDOWS\system32\dataexchange.dll
0x00007ff9f3b10000 - 0x00007ff9f3bc3000 	C:\WINDOWS\WinSxS\amd64_microsoft.windows.common-controls_6595b64144ccf1df_5.82.22621.3527_none_b43b7f4b638cc64f\comctl32.dll
0x00007ffa0ab60000 - 0x00007ffa0ac61000 	C:\WINDOWS\SYSTEM32\PROPSYS.dll
0x00007ffa10f90000 - 0x00007ffa10fde000 	C:\WINDOWS\SYSTEM32\CFGMGR32.dll
0x00007ffa00c10000 - 0x00007ffa00c2a000 	C:\WINDOWS\system32\NetworkExplorer.dll
0x00007ffa055f0000 - 0x00007ffa0572d000 	C:\Windows\System32\Windows.System.Launcher.dll
0x00007ffa09fb0000 - 0x00007ffa0a043000 	C:\Windows\System32\msvcp110_win.dll
0x00007ffa09220000 - 0x00007ffa0923a000 	C:\WINDOWS\SYSTEM32\windows.staterepositorycore.dll
0x00007ff9ebe30000 - 0x00007ff9ebe4e000 	C:\WINDOWS\SYSTEM32\MPR.dll
0x00007ff9cef00000 - 0x00007ff9cef2b000 	C:\WINDOWS\System32\p9np.dll
0x00007ff9e6140000 - 0x00007ff9e614c000 	C:\WINDOWS\System32\drprov.dll
0x00007ff9d7e80000 - 0x00007ff9d7e99000 	C:\WINDOWS\System32\ntlanman.dll
0x00007ff9ceee0000 - 0x00007ff9ceeff000 	C:\WINDOWS\System32\davclnt.dll
0x00007ffa0fd00000 - 0x00007ffa0fd66000 	C:\WINDOWS\System32\WINSTA.dll
0x00007ffa09660000 - 0x00007ffa0967a000 	C:\WINDOWS\System32\wkscli.dll
0x00007ff9e2f70000 - 0x00007ff9e2f82000 	C:\WINDOWS\SYSTEM32\cscapi.dll
0x00007ffa0fd70000 - 0x00007ffa0fd7c000 	C:\WINDOWS\System32\netutils.dll
0x00007ff9dd000000 - 0x00007ff9dd056000 	C:\Windows\System32\dlnashext.dll
0x00007ff9d7ef0000 - 0x00007ff9d7f59000 	C:\Windows\System32\PlayToDevice.dll
0x00007ff9ebd10000 - 0x00007ff9ebd31000 	C:\Windows\System32\DevDispItemProvider.dll
0x00007ffa06380000 - 0x00007ffa0641e000 	C:\WINDOWS\System32\MMDevApi.dll
0x00007ffa10f60000 - 0x00007ffa10f8c000 	C:\WINDOWS\System32\DEVOBJ.dll
0x00007ff9cc270000 - 0x00007ff9cc319000 	C:\WINDOWS\system32\wpdshext.dll
0x00007ff9f4740000 - 0x00007ff9f48fa000 	C:\WINDOWS\WinSxS\amd64_microsoft.windows.gdiplus_6595b64144ccf1df_1.1.22621.4391_none_5800c664ce12b864\gdiplus.dll
0x00007ff9c01a0000 - 0x00007ff9c023f000 	C:\Windows\System32\PortableDeviceApi.dll
0x00007ffa13500000 - 0x00007ffa13974000 	C:\WINDOWS\System32\SETUPAPI.dll
0x00007ffa112a0000 - 0x00007ffa1130c000 	C:\WINDOWS\System32\WINTRUST.dll
0x00007ffa11a70000 - 0x00007ffa11bd6000 	C:\WINDOWS\System32\CRYPT32.dll
0x00007ffa10c00000 - 0x00007ffa10c12000 	C:\WINDOWS\SYSTEM32\MSASN1.dll
0x00007ff9f3e30000 - 0x00007ff9f3e67000 	C:\Windows\System32\EhStorShell.dll
0x00007ff9f6e80000 - 0x00007ff9f6ea4000 	C:\Windows\System32\EhStorAPI.dll
0x00007ffa10140000 - 0x00007ffa10154000 	C:\Windows\System32\WTSAPI32.dll
0x00007ffa076b0000 - 0x00007ffa076bd000 	C:\WINDOWS\SYSTEM32\LINKINFO.dll
0x00007ffa01e50000 - 0x00007ffa01e60000 	C:\Program Files\Java\jdk-22\bin\verify.dll
0x00007ffa10a40000 - 0x00007ffa10a5b000 	C:\WINDOWS\SYSTEM32\CRYPTSP.dll
0x00007ffa102f0000 - 0x00007ffa10325000 	C:\WINDOWS\system32\rsaenh.dll
0x00007ffa108d0000 - 0x00007ffa108f8000 	C:\WINDOWS\SYSTEM32\USERENV.dll
0x00007ffa0fd80000 - 0x00007ffa0fdad000 	C:\WINDOWS\SYSTEM32\IPHLPAPI.DLL
0x00007ffa12710000 - 0x00007ffa12719000 	C:\WINDOWS\System32\NSI.dll
0x000000006e740000 - 0x000000006fda5000 	C:\Users\Jireh Escobar\AppData\Local\Temp\xuggle\xuggle10197151604019768081.dll
0x00007ff9f66d0000 - 0x00007ff9f66ea000 	C:\WINDOWS\SYSTEM32\AVICAP32.dll
0x00007ff9e4f30000 - 0x00007ff9e4f5b000 	C:\WINDOWS\SYSTEM32\MSVFW32.dll

dbghelp: loaded successfully - version: 4.0.5 - missing functions: none
symbol engine: initialized successfully - sym options: 0x614 - pdb path: .;C:\Program Files\Java\jdk-22\bin;C:\WINDOWS\SYSTEM32;C:\WINDOWS\WinSxS\amd64_microsoft.windows.common-controls_6595b64144ccf1df_6.0.22621.4391_none_2715d37f73803e96;C:\Program Files\Java\jdk-22\bin\server;C:\WINDOWS\WinSxS\amd64_microsoft.windows.common-controls_6595b64144ccf1df_5.82.22621.3527_none_b43b7f4b638cc64f;C:\WINDOWS\WinSxS\amd64_microsoft.windows.gdiplus_6595b64144ccf1df_1.1.22621.4391_none_5800c664ce12b864;C:\Users\Jireh Escobar\AppData\Local\Temp\xuggle

VM Arguments:
java_command: com.mycompany.proyecto.PROYECTO
java_class_path (initial): C:\Users\Jireh Escobar\OneDrive\Escritorio\PROYECTO PROGRAMA 2\PROYECTO\target\classes;C:\Users\Jireh Escobar\.m2\repository\org\jaudiotagger\jaudiotagger\2.0.1\jaudiotagger-2.0.1.jar;C:\Users\Jireh Escobar\.m2\repository\javazoom\jlayer\1.0.1\jlayer-1.0.1.jar;C:\Users\Jireh Escobar\.m2\repository\com\googlecode\soundlibs\mp3spi\1.9.5.4\mp3spi-1.9.5.4.jar;C:\Users\Jireh Escobar\.m2\repository\com\googlecode\soundlibs\jlayer\1.0.1.4\jlayer-1.0.1.4.jar;C:\Users\Jireh Escobar\.m2\repository\junit\junit\3.8.2\junit-3.8.2.jar;C:\Users\Jireh Escobar\.m2\repository\com\googlecode\soundlibs\tritonus-share\0.3.7-2\tritonus-share-0.3.7-2.jar;C:\Users\Jireh Escobar\.m2\repository\br\com\behaviortest\behavior-test-api\1.0.1\behavior-test-api-1.0.1.jar
Launcher Type: SUN_STANDARD

[Global flags]
     intx CICompilerCount                          = 4                                         {product} {ergonomic}
     uint ConcGCThreads                            = 2                                         {product} {ergonomic}
     uint G1ConcRefinementThreads                  = 8                                         {product} {ergonomic}
   size_t G1HeapRegionSize                         = 2097152                                   {product} {ergonomic}
   size_t InitialHeapSize                          = 264241152                                 {product} {ergonomic}
   size_t MarkStackSize                            = 4194304                                   {product} {ergonomic}
   size_t MaxHeapSize                              = 4215275520                                {product} {ergonomic}
   size_t MaxNewSize                               = 2529165312                                {product} {ergonomic}
   size_t MinHeapDeltaBytes                        = 2097152                                   {product} {ergonomic}
   size_t MinHeapSize                              = 8388608                                   {product} {ergonomic}
    uintx NonNMethodCodeHeapSize                   = 5839372                                {pd product} {ergonomic}
    uintx NonProfiledCodeHeapSize                  = 122909434                              {pd product} {ergonomic}
    uintx ProfiledCodeHeapSize                     = 122909434                              {pd product} {ergonomic}
    uintx ReservedCodeCacheSize                    = 251658240                              {pd product} {ergonomic}
     bool SegmentedCodeCache                       = true                                      {product} {ergonomic}
   size_t SoftMaxHeapSize                          = 4215275520                             {manageable} {ergonomic}
     bool UseCompressedOops                        = true                           {product lp64_product} {ergonomic}
     bool UseG1GC                                  = true                                      {product} {ergonomic}
     bool UseLargePagesIndividualAllocation        = false                                  {pd product} {ergonomic}

Logging:
Log output configuration:
 #0: stdout all=warning uptime,level,tags foldmultilines=false
 #1: stderr all=off uptime,level,tags foldmultilines=false

Environment Variables:
JAVA_HOME=C:\Program Files\Java\jdk-22
PATH=C:\Program Files\Common Files\Oracle\Java\javapath;C:\Program Files\Eclipse Adoptium\jdk-21.0.0.35-hotspot\bin;C:\Program Files (x86)\VMware\VMware Workstation\bin\;C:\Program Files (x86)\Embarcadero\Studio\22.0\bin;C:\Users\Public\Documents\Embarcadero\Studio\22.0\Bpl;C:\Program Files (x86)\Embarcadero\Studio\22.0\bin64;C:\Users\Public\Documents\Embarcadero\Studio\22.0\Bpl\Win64;C:\Windows\system32;C:\Windows;C:\Windows\System32\Wbem;C:\Windows\System32\WindowsPowerShell\v1.0\;C:\Windows\System32\OpenSSH\;C:\Program Files (x86)\NVIDIA Corporation\PhysX\Common;C:\Program Files\NVIDIA Corporation\NVIDIA NvDLISR;C:\Program Files\dotnet\;C:\WINDOWS\system32;C:\WINDOWS;C:\WINDOWS\System32\Wbem;C:\WINDOWS\System32\WindowsPowerShell\v1.0\;C:\WINDOWS\System32\OpenSSH\;C:\Program Files (x86)\Windows Kits\10\Windows Performance Toolkit\;C:\msys64\ucrt64\bin;C:\Program Files\Microsoft SQL Server\150\Tools\Binn\;C:\Program Files\Microsoft SQL Server\Client SDK\ODBC\170\Tools\Binn\;C:\Program Files\PowerShell\7\;C:\Program Files\Git\cmd;C:\Users\Jireh Escobar\AppData\Local\Programs\Python\Python311\Scripts\;C:\Users\Jireh Escobar\AppData\Local\Programs\Python\Python311\;C:\Users\Jireh Escobar\AppData\Local\Microsoft\WindowsApps;C:\Users\Jireh Escobar\AppData\Local\Programs\Microsoft VS Code\bin;C:\Program Files\JetBrains\PyCharm Community Edition 2023.1.1\bin;;C:\Users\Jireh Escobar\.dotnet\tools;C:\Users\Jireh Escobar\AppData\Local\GitHubDesktop\bin
USERNAME=Jireh Escobar
OS=Windows_NT
PROCESSOR_IDENTIFIER=Intel64 Family 6 Model 140 Stepping 1, GenuineIntel
TMP=C:\Users\JIREHE~1\AppData\Local\Temp
TEMP=C:\Users\JIREHE~1\AppData\Local\Temp




Periodic native trim disabled

---------------  S Y S T E M  ---------------

OS:
 Windows 11 , 64 bit Build 22621 (10.0.22621.4391)
OS uptime: 2 days 12:32 hours
Hyper-V role detected

CPU: total 8 (initial active 8) (4 cores per cpu, 2 threads per core) family 6 model 140 stepping 1 microcode 0x86, cx8, cmov, fxsr, ht, mmx, 3dnowpref, sse, sse2, sse3, ssse3, sse4.1, sse4.2, popcnt, lzcnt, tsc, tscinvbit, avx, avx2, aes, erms, clmul, bmi1, bmi2, adx, avx512f, avx512dq, avx512cd, avx512bw, avx512vl, sha, fma, vzeroupper, avx512_vpopcntdq, avx512_vpclmulqdq, avx512_vaes, avx512_vnni, clflush, clflushopt, clwb, avx512_vbmi2, avx512_vbmi, hv, rdtscp, rdpid, fsrm, gfni, avx512_bitalg, f16c, cet_ibt, cet_ss, avx512_ifma
Processor Information for all 8 processors :
  Max Mhz: 3302, Current Mhz: 3302, Mhz Limit: 3302

Memory: 4k page, system-wide physical 16075M (5487M free)
TotalPageFile size 19147M (AvailPageFile size 3075M)
current process WorkingSet (physical memory assigned to process): 239M, peak: 239M
current process commit charge ("private bytes"): 403M, peak: 404M

vm_info: Java HotSpot(TM) 64-Bit Server VM (22.0.2+9-70) for windows-amd64 JRE (22.0.2+9-70), built on 2024-06-04T16:52:23Z by "mach5one" with MS VC++ 17.6 (VS2022)

END.
